[2025-01-27 12:59:08] [restartedMain] INFO  [org.springframework.boot.StartupInfoLogger.logStarting:53] - Starting DevlogApplication using Java 23.0.1 with PID 3556 (C:\Users\wuwan\Desktop\devlog\bin\main started by wuwan in C:\Users\wuwan\Desktop\devlog)
[2025-01-27 12:59:08] [restartedMain] INFO  [org.springframework.boot.SpringApplication.logStartupProfileInfo:652] - No active profile set, falling back to 1 default profile: "default"
[2025-01-27 12:59:08] [restartedMain] INFO  [org.springframework.boot.logging.DeferredLog.logTo:252] - Devtools property defaults active! Set 'spring.devtools.add-properties' to 'false' to disable
[2025-01-27 12:59:08] [restartedMain] INFO  [org.springframework.boot.logging.DeferredLog.logTo:252] - For additional web related logging consider setting the 'logging.level.web' property to 'DEBUG'
[2025-01-27 12:59:09] [restartedMain] INFO  [org.springframework.data.repository.config.RepositoryConfigurationDelegate.registerRepositoriesIn:143] - Bootstrapping Spring Data JPA repositories in DEFAULT mode.
[2025-01-27 12:59:10] [restartedMain] INFO  [org.springframework.data.repository.config.RepositoryConfigurationDelegate.registerRepositoriesIn:211] - Finished Spring Data repository scanning in 80 ms. Found 4 JPA repository interfaces.
[2025-01-27 12:59:11] [restartedMain] INFO  [org.springframework.boot.web.embedded.tomcat.TomcatWebServer.initialize:111] - Tomcat initialized with port 8080 (http)
[2025-01-27 12:59:11] [restartedMain] INFO  [org.apache.juli.logging.DirectJDKLog.log:173] - Initializing ProtocolHandler ["http-nio-8080"]
[2025-01-27 12:59:11] [restartedMain] INFO  [org.apache.juli.logging.DirectJDKLog.log:173] - Starting service [Tomcat]
[2025-01-27 12:59:11] [restartedMain] INFO  [org.apache.juli.logging.DirectJDKLog.log:173] - Starting Servlet engine: [Apache Tomcat/10.1.34]
[2025-01-27 12:59:11] [restartedMain] INFO  [org.apache.juli.logging.DirectJDKLog.log:173] - Initializing Spring embedded WebApplicationContext
[2025-01-27 12:59:11] [restartedMain] INFO  [org.springframework.boot.web.servlet.context.ServletWebServerApplicationContext.prepareWebApplicationContext:296] - Root WebApplicationContext: initialization completed in 2362 ms
[2025-01-27 12:59:11] [restartedMain] INFO  [org.hibernate.jpa.internal.util.LogHelper.logPersistenceUnitInformation:31] - HHH000204: Processing PersistenceUnitInfo [name: default]
[2025-01-27 12:59:11] [restartedMain] INFO  [org.hibernate.Version.logVersion:44] - HHH000412: Hibernate ORM core version 6.6.4.Final
[2025-01-27 12:59:12] [restartedMain] INFO  [org.hibernate.cache.internal.RegionFactoryInitiator.initiateService:50] - HHH000026: Second-level cache disabled
[2025-01-27 12:59:12] [restartedMain] INFO  [org.springframework.orm.jpa.persistenceunit.SpringPersistenceUnitInfo.addTransformer:87] - No LoadTimeWeaver setup: ignoring JPA class transformer
[2025-01-27 12:59:12] [restartedMain] INFO  [com.zaxxer.hikari.HikariDataSource.getConnection:109] - HikariPool-1 - Starting...
[2025-01-27 12:59:12] [restartedMain] INFO  [com.zaxxer.hikari.pool.HikariPool.checkFailFast:554] - HikariPool-1 - Added connection conn0: url=jdbc:h2:mem:devlog user=SA
[2025-01-27 12:59:12] [restartedMain] INFO  [com.zaxxer.hikari.HikariDataSource.getConnection:122] - HikariPool-1 - Start completed.
[2025-01-27 12:59:12] [restartedMain] WARN  [org.hibernate.engine.jdbc.dialect.internal.DialectFactoryImpl.constructDialect:153] - HHH90000025: H2Dialect does not need to be specified explicitly using 'hibernate.dialect' (remove the property setting and it will be selected by default)
[2025-01-27 12:59:12] [restartedMain] INFO  [org.hibernate.engine.jdbc.env.internal.JdbcEnvironmentInitiator.initiateService:157] - HHH10001005: Database info:
	Database JDBC URL [Connecting through datasource 'HikariDataSource (HikariPool-1)']
	Database driver: undefined/unknown
	Database version: 2.3.232
	Autocommit mode: undefined/unknown
	Isolation level: undefined/unknown
	Minimum pool size: undefined/unknown
	Maximum pool size: undefined/unknown
[2025-01-27 12:59:13] [restartedMain] INFO  [org.hibernate.engine.transaction.jta.platform.internal.JtaPlatformInitiator.initiateService:59] - HHH000489: No JTA platform available (set 'hibernate.transaction.jta.platform' to enable JTA platform integration)
[2025-01-27 12:59:13] [restartedMain] INFO  [org.springframework.orm.jpa.AbstractEntityManagerFactoryBean.buildNativeEntityManagerFactory:447] - Initialized JPA EntityManagerFactory for persistence unit 'default'
[2025-01-27 12:59:14] [restartedMain] WARN  [org.springframework.boot.autoconfigure.orm.jpa.JpaBaseConfiguration$JpaWebConfiguration.openEntityManagerInViewInterceptor:241] - spring.jpa.open-in-view is enabled by default. Therefore, database queries may be performed during view rendering. Explicitly configure spring.jpa.open-in-view to disable this warning
[2025-01-27 12:59:15] [restartedMain] INFO  [org.springframework.boot.autoconfigure.h2.H2ConsoleAutoConfiguration$H2ConsoleLogger.log:130] - H2 console available at '/h2-console'. Database available at 'jdbc:h2:mem:devlog'
[2025-01-27 12:59:15] [restartedMain] INFO  [org.springframework.boot.devtools.autoconfigure.OptionalLiveReloadServer.startServer:59] - LiveReload server is running on port 35729
[2025-01-27 12:59:15] [restartedMain] INFO  [org.apache.juli.logging.DirectJDKLog.log:173] - Starting ProtocolHandler ["http-nio-8080"]
[2025-01-27 12:59:15] [restartedMain] INFO  [org.springframework.boot.web.embedded.tomcat.TomcatWebServer.start:243] - Tomcat started on port 8080 (http) with context path '/'
[2025-01-27 12:59:15] [restartedMain] INFO  [org.springframework.boot.StartupInfoLogger.logStarted:59] - Started DevlogApplication in 9.898 seconds (process running for 10.809)
[2025-01-27 13:25:37] [http-nio-8080-exec-2] INFO  [org.apache.juli.logging.DirectJDKLog.log:173] - Initializing Spring DispatcherServlet 'dispatcherServlet'
[2025-01-27 13:25:37] [http-nio-8080-exec-2] INFO  [org.springframework.web.servlet.FrameworkServlet.initServletBean:532] - Initializing Servlet 'dispatcherServlet'
[2025-01-27 13:25:37] [http-nio-8080-exec-2] INFO  [org.springframework.web.servlet.FrameworkServlet.initServletBean:554] - Completed initialization in 3 ms
[2025-01-27 17:56:43] [http-nio-8080-exec-4] INFO  [org.apache.juli.logging.DirectJDKLog.log:175] - Error parsing HTTP request header
 Note: further occurrences of HTTP request parsing errors will be logged at DEBUG level.
java.lang.IllegalArgumentException: Invalid character found in method name [0x160x030x010x000xee0x010x000x000xea0x030x030xaf0xe50xb6y0xc80x960xb9F0xc600x8c0xe70x090x960xf0y0x8e0xd60x99c0xdbl0xdb70x160x85Y0xd20x850xc60x1cp ]. HTTP method names must be tokens
	at org.apache.coyote.http11.Http11InputBuffer.parseRequestLine(Http11InputBuffer.java:406)
	at org.apache.coyote.http11.Http11Processor.service(Http11Processor.java:270)
	at org.apache.coyote.AbstractProcessorLight.process(AbstractProcessorLight.java:63)
	at org.apache.coyote.AbstractProtocol$ConnectionHandler.process(AbstractProtocol.java:905)
	at org.apache.tomcat.util.net.NioEndpoint$SocketProcessor.doRun(NioEndpoint.java:1741)
	at org.apache.tomcat.util.net.SocketProcessorBase.run(SocketProcessorBase.java:52)
	at org.apache.tomcat.util.threads.ThreadPoolExecutor.runWorker(ThreadPoolExecutor.java:1190)
	at org.apache.tomcat.util.threads.ThreadPoolExecutor$Worker.run(ThreadPoolExecutor.java:659)
	at org.apache.tomcat.util.threads.TaskThread$WrappingRunnable.run(TaskThread.java:63)
	at java.base/java.lang.Thread.run(Thread.java:1575)
