[2025-01-23 17:58:38:23209416] [32m[restartedMain][0;39m [34mINFO [0;39m [1;37m[org.springframework.boot.StartupInfoLogger.logStarting:[33m53[0;39m][0;39m - Starting DevlogApplication using Java 23.0.1 with PID 6160 (C:\Users\wuwan\Desktop\devlog\bin\main started by wuwan in C:\Users\wuwan\Desktop\devlog)
[2025-01-23 17:58:38:23209417] [32m[restartedMain][0;39m [34mINFO [0;39m [1;37m[org.springframework.boot.SpringApplication.logStartupProfileInfo:[33m652[0;39m][0;39m - No active profile set, falling back to 1 default profile: "default"
[2025-01-23 17:58:39:23209719] [32m[restartedMain][0;39m [34mINFO [0;39m [1;37m[org.springframework.data.repository.config.RepositoryConfigurationDelegate.registerRepositoriesIn:[33m143[0;39m][0;39m - Bootstrapping Spring Data JPA repositories in DEFAULT mode.
[2025-01-23 17:58:39:23209761] [32m[restartedMain][0;39m [34mINFO [0;39m [1;37m[org.springframework.data.repository.config.RepositoryConfigurationDelegate.registerRepositoriesIn:[33m211[0;39m][0;39m - Finished Spring Data repository scanning in 40 ms. Found 4 JPA repository interfaces.
[2025-01-23 17:58:39:23209936] [32m[restartedMain][0;39m [34mINFO [0;39m [1;37m[org.springframework.boot.web.embedded.tomcat.TomcatWebServer.initialize:[33m111[0;39m][0;39m - Tomcat initialized with port 8080 (http)
[2025-01-23 17:58:39:23209941] [32m[restartedMain][0;39m [34mINFO [0;39m [1;37m[org.apache.juli.logging.DirectJDKLog.log:[33m173[0;39m][0;39m - Starting service [Tomcat]
[2025-01-23 17:58:39:23209942] [32m[restartedMain][0;39m [34mINFO [0;39m [1;37m[org.apache.juli.logging.DirectJDKLog.log:[33m173[0;39m][0;39m - Starting Servlet engine: [Apache Tomcat/10.1.34]
[2025-01-23 17:58:39:23209979] [32m[restartedMain][0;39m [34mINFO [0;39m [1;37m[org.apache.juli.logging.DirectJDKLog.log:[33m173[0;39m][0;39m - Initializing Spring embedded WebApplicationContext
[2025-01-23 17:58:39:23209979] [32m[restartedMain][0;39m [34mINFO [0;39m [1;37m[org.springframework.boot.web.servlet.context.ServletWebServerApplicationContext.prepareWebApplicationContext:[33m296[0;39m][0;39m - Root WebApplicationContext: initialization completed in 558 ms
[2025-01-23 17:58:39:23210029] [32m[restartedMain][0;39m [34mINFO [0;39m [1;37m[org.hibernate.jpa.internal.util.LogHelper.logPersistenceUnitInformation:[33m31[0;39m][0;39m - HHH000204: Processing PersistenceUnitInfo [name: default]
[2025-01-23 17:58:39:23210036] [32m[restartedMain][0;39m [34mINFO [0;39m [1;37m[org.hibernate.cache.internal.RegionFactoryInitiator.initiateService:[33m50[0;39m][0;39m - HHH000026: Second-level cache disabled
[2025-01-23 17:58:39:23210060] [32m[restartedMain][0;39m [34mINFO [0;39m [1;37m[org.springframework.orm.jpa.persistenceunit.SpringPersistenceUnitInfo.addTransformer:[33m87[0;39m][0;39m - No LoadTimeWeaver setup: ignoring JPA class transformer
[2025-01-23 17:58:39:23210062] [32m[restartedMain][0;39m [34mINFO [0;39m [1;37m[com.zaxxer.hikari.HikariDataSource.getConnection:[33m109[0;39m][0;39m - HikariPool-32 - Starting...
[2025-01-23 17:58:39:23210068] [32m[restartedMain][0;39m [34mINFO [0;39m [1;37m[com.zaxxer.hikari.pool.HikariPool.checkFailFast:[33m554[0;39m][0;39m - HikariPool-32 - Added connection conn381: url=jdbc:h2:mem:devlog user=SA
[2025-01-23 17:58:39:23210070] [32m[restartedMain][0;39m [34mINFO [0;39m [1;37m[com.zaxxer.hikari.HikariDataSource.getConnection:[33m122[0;39m][0;39m - HikariPool-32 - Start completed.
[2025-01-23 17:58:39:23210071] [32m[restartedMain][0;39m [31mWARN [0;39m [1;37m[org.hibernate.engine.jdbc.dialect.internal.DialectFactoryImpl.constructDialect:[33m153[0;39m][0;39m - HHH90000025: H2Dialect does not need to be specified explicitly using 'hibernate.dialect' (remove the property setting and it will be selected by default)
[2025-01-23 17:58:39:23210072] [32m[restartedMain][0;39m [34mINFO [0;39m [1;37m[org.hibernate.engine.jdbc.env.internal.JdbcEnvironmentInitiator.initiateService:[33m157[0;39m][0;39m - HHH10001005: Database info:
	Database JDBC URL [Connecting through datasource 'HikariDataSource (HikariPool-32)']
	Database driver: undefined/unknown
	Database version: 2.3.232
	Autocommit mode: undefined/unknown
	Isolation level: undefined/unknown
	Minimum pool size: undefined/unknown
	Maximum pool size: undefined/unknown
[2025-01-23 17:58:39:23210216] [32m[restartedMain][0;39m [34mINFO [0;39m [1;37m[org.hibernate.engine.transaction.jta.platform.internal.JtaPlatformInitiator.initiateService:[33m59[0;39m][0;39m - HHH000489: No JTA platform available (set 'hibernate.transaction.jta.platform' to enable JTA platform integration)
[2025-01-23 17:58:39:23210316] [32m[restartedMain][0;39m [34mINFO [0;39m [1;37m[org.springframework.orm.jpa.AbstractEntityManagerFactoryBean.buildNativeEntityManagerFactory:[33m447[0;39m][0;39m - Initialized JPA EntityManagerFactory for persistence unit 'default'
[2025-01-23 17:58:40:23210614] [32m[restartedMain][0;39m [31mWARN [0;39m [1;37m[org.springframework.boot.autoconfigure.orm.jpa.JpaBaseConfiguration$JpaWebConfiguration.openEntityManagerInViewInterceptor:[33m241[0;39m][0;39m - spring.jpa.open-in-view is enabled by default. Therefore, database queries may be performed during view rendering. Explicitly configure spring.jpa.open-in-view to disable this warning
[2025-01-23 17:58:40:23210830] [32m[restartedMain][0;39m [34mINFO [0;39m [1;37m[org.springframework.boot.autoconfigure.h2.H2ConsoleAutoConfiguration$H2ConsoleLogger.log:[33m130[0;39m][0;39m - H2 console available at '/h2-console'. Database available at 'jdbc:h2:mem:devlog'
[2025-01-23 17:58:40:23210858] [32m[restartedMain][0;39m [34mINFO [0;39m [1;37m[org.springframework.boot.devtools.autoconfigure.OptionalLiveReloadServer.startServer:[33m59[0;39m][0;39m - LiveReload server is running on port 35729
[2025-01-23 17:58:40:23210870] [32m[restartedMain][0;39m [34mINFO [0;39m [1;37m[org.springframework.boot.web.embedded.tomcat.TomcatWebServer.start:[33m243[0;39m][0;39m - Tomcat started on port 8080 (http) with context path '/'
[2025-01-23 17:58:40:23210877] [32m[restartedMain][0;39m [34mINFO [0;39m [1;37m[org.springframework.boot.StartupInfoLogger.logStarted:[33m59[0;39m][0;39m - Started DevlogApplication in 1.619 seconds (process running for 23211.284)
[2025-01-23 17:58:40:23210879] [32m[restartedMain][0;39m [34mINFO [0;39m [1;37m[org.springframework.boot.devtools.autoconfigure.ConditionEvaluationDeltaLoggingListener.onApplicationEvent:[33m63[0;39m][0;39m - Condition evaluation unchanged
[2025-01-23 17:59:06:23236844] [32m[http-nio-8080-exec-1][0;39m [34mINFO [0;39m [1;37m[org.apache.juli.logging.DirectJDKLog.log:[33m173[0;39m][0;39m - Initializing Spring DispatcherServlet 'dispatcherServlet'
[2025-01-23 17:59:06:23236844] [32m[http-nio-8080-exec-1][0;39m [34mINFO [0;39m [1;37m[org.springframework.web.servlet.FrameworkServlet.initServletBean:[33m532[0;39m][0;39m - Initializing Servlet 'dispatcherServlet'
[2025-01-23 17:59:06:23236845] [32m[http-nio-8080-exec-1][0;39m [34mINFO [0;39m [1;37m[org.springframework.web.servlet.FrameworkServlet.initServletBean:[33m554[0;39m][0;39m - Completed initialization in 1 ms
[2025-01-23 18:00:02:23293350] [32m[http-nio-8080-exec-7][0;39m [31mWARN [0;39m [1;37m[org.springframework.web.servlet.handler.AbstractHandlerExceptionResolver.logException:[33m254[0;39m][0;39m - Resolved [org.springframework.web.servlet.resource.NoResourceFoundException: No static resource favicon.ico.]
[2025-01-23 18:00:02:23293351] [32m[http-nio-8080-exec-7][0;39m [34mINFO [0;39m [1;37m[com.devlog.devlog.service.GlobalLogService.GlobalLog.writeLog:[33m25[0;39m][0;39m - IP: 0:0:0:0:0:0:0:1, SessionId: 3E6D98F827B870C52A7FA4269AED12C2, RequestURL: http://localhost:8080/favicon.ico, Method: GET, StatusCode: 302
[2025-01-23 18:00:02:23293365] [32m[http-nio-8080-exec-8][0;39m [34mINFO [0;39m [1;37m[com.devlog.devlog.service.GlobalLogService.GlobalLog.writeLog:[33m25[0;39m][0;39m - IP: 0:0:0:0:0:0:0:1, SessionId: 3E6D98F827B870C52A7FA4269AED12C2, RequestURL: http://localhost:8080/, Method: GET, StatusCode: 200
[2025-01-23 18:00:07:23298291] [32m[http-nio-8080-exec-9][0;39m [34mINFO [0;39m [1;37m[com.devlog.devlog.service.GlobalLogService.GlobalLog.writeLog:[33m25[0;39m][0;39m - IP: 0:0:0:0:0:0:0:1, SessionId: 3E6D98F827B870C52A7FA4269AED12C2, RequestURL: http://localhost:8080/journal/U_kgDOB-NAFA, Method: GET, StatusCode: 200
[2025-01-23 18:00:07:23298352] [32m[http-nio-8080-exec-10][0;39m [34mINFO [0;39m [1;37m[com.devlog.devlog.service.GlobalLogService.GlobalLog.writeLog:[33m25[0;39m][0;39m - IP: 0:0:0:0:0:0:0:1, SessionId: 3E6D98F827B870C52A7FA4269AED12C2, RequestURL: http://localhost:8080/css/main.css, Method: GET, StatusCode: 200
[2025-01-23 18:00:07:23298365] [32m[http-nio-8080-exec-1][0;39m [34mINFO [0;39m [1;37m[com.devlog.devlog.service.GlobalLogService.GlobalLog.writeLog:[33m25[0;39m][0;39m - IP: 0:0:0:0:0:0:0:1, SessionId: 3E6D98F827B870C52A7FA4269AED12C2, RequestURL: http://localhost:8080/js/post.js, Method: GET, StatusCode: 200
[2025-01-23 18:00:07:23298448] [32m[http-nio-8080-exec-2][0;39m [31mWARN [0;39m [1;37m[org.springframework.web.servlet.handler.AbstractHandlerExceptionResolver.logException:[33m254[0;39m][0;39m - Resolved [org.springframework.web.servlet.resource.NoResourceFoundException: No static resource favicon.ico.]
[2025-01-23 18:00:07:23298449] [32m[http-nio-8080-exec-2][0;39m [34mINFO [0;39m [1;37m[com.devlog.devlog.service.GlobalLogService.GlobalLog.writeLog:[33m25[0;39m][0;39m - IP: 0:0:0:0:0:0:0:1, SessionId: 3E6D98F827B870C52A7FA4269AED12C2, RequestURL: http://localhost:8080/favicon.ico, Method: GET, StatusCode: 302
[2025-01-23 18:00:07:23298476] [32m[http-nio-8080-exec-3][0;39m [34mINFO [0;39m [1;37m[com.devlog.devlog.service.GlobalLogService.GlobalLog.writeLog:[33m25[0;39m][0;39m - IP: 0:0:0:0:0:0:0:1, SessionId: 3E6D98F827B870C52A7FA4269AED12C2, RequestURL: http://localhost:8080/, Method: GET, StatusCode: 200
[2025-01-23 18:03:22:23493141] [32m[File Watcher][0;39m [34mINFO [0;39m [1;37m[org.springframework.boot.devtools.autoconfigure.LocalDevToolsAutoConfiguration$RestartingClassPathChangeChangedEventListener.onApplicationEvent:[33m211[0;39m][0;39m - Restarting due to 1 class path change (0 additions, 0 deletions, 1 modification)
[2025-01-23 18:03:22:23493143] [32m[Thread-129][0;39m [34mINFO [0;39m [1;37m[org.springframework.boot.web.embedded.tomcat.GracefulShutdown.shutDownGracefully:[33m54[0;39m][0;39m - Commencing graceful shutdown. Waiting for active requests to complete
[2025-01-23 18:03:22:23493147] [32m[tomcat-shutdown][0;39m [34mINFO [0;39m [1;37m[org.springframework.boot.web.embedded.tomcat.GracefulShutdown.doShutdown:[33m76[0;39m][0;39m - Graceful shutdown complete
[2025-01-23 18:03:22:23493149] [32m[Thread-129][0;39m [34mINFO [0;39m [1;37m[org.springframework.orm.jpa.AbstractEntityManagerFactoryBean.destroy:[33m660[0;39m][0;39m - Closing JPA EntityManagerFactory for persistence unit 'default'
[2025-01-23 18:03:22:23493150] [32m[Thread-129][0;39m [31mWARN [0;39m [1;37m[org.springframework.beans.factory.support.DisposableBeanAdapter.destroy:[33m221[0;39m][0;39m - Invocation of destroy method failed on bean with name 'inMemoryDatabaseShutdownExecutor': org.h2.jdbc.JdbcSQLNonTransientConnectionException: Database is already closed (to disable automatic closing at VM shutdown, add ";DB_CLOSE_ON_EXIT=FALSE" to the db URL) [90121-232]
[2025-01-23 18:03:22:23493150] [32m[Thread-129][0;39m [34mINFO [0;39m [1;37m[com.zaxxer.hikari.HikariDataSource.close:[33m349[0;39m][0;39m - HikariPool-32 - Shutdown initiated...
[2025-01-23 18:03:22:23493156] [32m[Thread-129][0;39m [34mINFO [0;39m [1;37m[com.zaxxer.hikari.HikariDataSource.close:[33m351[0;39m][0;39m - HikariPool-32 - Shutdown completed.
[2025-01-23 18:03:22:23493156] [32m[Thread-129][0;39m [34mINFO [0;39m [1;37m[com.devlog.devlog.filter.LogFilter.destroy:[33m35[0;39m][0;39m - 전역 로그 필터 종료
[2025-01-23 18:03:22:23493162] [32m[Thread-129][0;39m [34mINFO [0;39m [1;37m[com.devlog.devlog.filter.LogFilter.destroy:[33m35[0;39m][0;39m - 전역 로그 필터 종료
