[2025-01-28 16:14:24] [restartedMain] INFO  [org.springframework.boot.StartupInfoLogger.logStarting:53] - Starting DevlogApplication using Java 23.0.1 with PID 5876 (C:\Users\wuwan\Desktop\devlog\bin\main started by wuwan in C:\Users\wuwan\Desktop\devlog)
[2025-01-28 16:14:24] [restartedMain] INFO  [org.springframework.boot.SpringApplication.logStartupProfileInfo:652] - No active profile set, falling back to 1 default profile: "default"
[2025-01-28 16:14:24] [restartedMain] INFO  [org.springframework.boot.logging.DeferredLog.logTo:252] - Devtools property defaults active! Set 'spring.devtools.add-properties' to 'false' to disable
[2025-01-28 16:14:24] [restartedMain] INFO  [org.springframework.boot.logging.DeferredLog.logTo:252] - For additional web related logging consider setting the 'logging.level.web' property to 'DEBUG'
[2025-01-28 16:14:25] [restartedMain] INFO  [org.springframework.data.repository.config.RepositoryConfigurationDelegate.registerRepositoriesIn:143] - Bootstrapping Spring Data JPA repositories in DEFAULT mode.
[2025-01-28 16:14:25] [restartedMain] INFO  [org.springframework.data.repository.config.RepositoryConfigurationDelegate.registerRepositoriesIn:211] - Finished Spring Data repository scanning in 86 ms. Found 4 JPA repository interfaces.
[2025-01-28 16:14:27] [restartedMain] INFO  [org.springframework.boot.web.embedded.tomcat.TomcatWebServer.initialize:111] - Tomcat initialized with port 8080 (http)
[2025-01-28 16:14:27] [restartedMain] INFO  [org.apache.juli.logging.DirectJDKLog.log:173] - Initializing ProtocolHandler ["http-nio-8080"]
[2025-01-28 16:14:27] [restartedMain] INFO  [org.apache.juli.logging.DirectJDKLog.log:173] - Starting service [Tomcat]
[2025-01-28 16:14:27] [restartedMain] INFO  [org.apache.juli.logging.DirectJDKLog.log:173] - Starting Servlet engine: [Apache Tomcat/10.1.34]
[2025-01-28 16:14:27] [restartedMain] INFO  [org.apache.juli.logging.DirectJDKLog.log:173] - Initializing Spring embedded WebApplicationContext
[2025-01-28 16:14:27] [restartedMain] INFO  [org.springframework.boot.web.servlet.context.ServletWebServerApplicationContext.prepareWebApplicationContext:296] - Root WebApplicationContext: initialization completed in 2343 ms
[2025-01-28 16:14:27] [restartedMain] INFO  [org.hibernate.jpa.internal.util.LogHelper.logPersistenceUnitInformation:31] - HHH000204: Processing PersistenceUnitInfo [name: default]
[2025-01-28 16:14:27] [restartedMain] INFO  [org.hibernate.Version.logVersion:44] - HHH000412: Hibernate ORM core version 6.6.4.Final
[2025-01-28 16:14:27] [restartedMain] INFO  [org.hibernate.cache.internal.RegionFactoryInitiator.initiateService:50] - HHH000026: Second-level cache disabled
[2025-01-28 16:14:28] [restartedMain] INFO  [org.springframework.orm.jpa.persistenceunit.SpringPersistenceUnitInfo.addTransformer:87] - No LoadTimeWeaver setup: ignoring JPA class transformer
[2025-01-28 16:14:28] [restartedMain] INFO  [com.zaxxer.hikari.HikariDataSource.getConnection:109] - HikariPool-1 - Starting...
[2025-01-28 16:14:28] [restartedMain] INFO  [com.zaxxer.hikari.pool.HikariPool.checkFailFast:554] - HikariPool-1 - Added connection conn0: url=jdbc:h2:mem:devlog user=SA
[2025-01-28 16:14:28] [restartedMain] INFO  [com.zaxxer.hikari.HikariDataSource.getConnection:122] - HikariPool-1 - Start completed.
[2025-01-28 16:14:28] [restartedMain] WARN  [org.hibernate.engine.jdbc.dialect.internal.DialectFactoryImpl.constructDialect:153] - HHH90000025: H2Dialect does not need to be specified explicitly using 'hibernate.dialect' (remove the property setting and it will be selected by default)
[2025-01-28 16:14:28] [restartedMain] INFO  [org.hibernate.engine.jdbc.env.internal.JdbcEnvironmentInitiator.initiateService:157] - HHH10001005: Database info:
	Database JDBC URL [Connecting through datasource 'HikariDataSource (HikariPool-1)']
	Database driver: undefined/unknown
	Database version: 2.3.232
	Autocommit mode: undefined/unknown
	Isolation level: undefined/unknown
	Minimum pool size: undefined/unknown
	Maximum pool size: undefined/unknown
[2025-01-28 16:14:29] [restartedMain] INFO  [org.hibernate.engine.transaction.jta.platform.internal.JtaPlatformInitiator.initiateService:59] - HHH000489: No JTA platform available (set 'hibernate.transaction.jta.platform' to enable JTA platform integration)
[2025-01-28 16:14:29] [restartedMain] INFO  [org.springframework.orm.jpa.AbstractEntityManagerFactoryBean.buildNativeEntityManagerFactory:447] - Initialized JPA EntityManagerFactory for persistence unit 'default'
[2025-01-28 16:14:30] [restartedMain] WARN  [org.springframework.boot.autoconfigure.orm.jpa.JpaBaseConfiguration$JpaWebConfiguration.openEntityManagerInViewInterceptor:241] - spring.jpa.open-in-view is enabled by default. Therefore, database queries may be performed during view rendering. Explicitly configure spring.jpa.open-in-view to disable this warning
[2025-01-28 16:14:31] [restartedMain] INFO  [org.springframework.boot.autoconfigure.h2.H2ConsoleAutoConfiguration$H2ConsoleLogger.log:130] - H2 console available at '/h2-console'. Database available at 'jdbc:h2:mem:devlog'
[2025-01-28 16:14:31] [restartedMain] INFO  [org.springframework.boot.devtools.autoconfigure.OptionalLiveReloadServer.startServer:59] - LiveReload server is running on port 35729
[2025-01-28 16:14:31] [restartedMain] INFO  [org.apache.juli.logging.DirectJDKLog.log:173] - Starting ProtocolHandler ["http-nio-8080"]
[2025-01-28 16:14:31] [restartedMain] INFO  [org.springframework.boot.web.embedded.tomcat.TomcatWebServer.start:243] - Tomcat started on port 8080 (http) with context path '/'
[2025-01-28 16:14:31] [restartedMain] INFO  [org.springframework.boot.StartupInfoLogger.logStarted:59] - Started DevlogApplication in 8.252 seconds (process running for 9.123)
[2025-01-28 16:14:38] [http-nio-8080-exec-1] INFO  [org.apache.juli.logging.DirectJDKLog.log:173] - Initializing Spring DispatcherServlet 'dispatcherServlet'
[2025-01-28 16:14:38] [http-nio-8080-exec-1] INFO  [org.springframework.web.servlet.FrameworkServlet.initServletBean:532] - Initializing Servlet 'dispatcherServlet'
[2025-01-28 16:14:38] [http-nio-8080-exec-1] INFO  [org.springframework.web.servlet.FrameworkServlet.initServletBean:554] - Completed initialization in 1 ms
[2025-01-28 16:14:40] [http-nio-8080-exec-5] WARN  [org.springframework.web.servlet.handler.AbstractHandlerExceptionResolver.logException:254] - Resolved [org.springframework.web.servlet.resource.NoResourceFoundException: No static resource favicon.ico.]
[2025-01-28 16:14:44] [http-nio-8080-exec-1] WARN  [org.springframework.web.servlet.handler.AbstractHandlerExceptionResolver.logException:254] - Resolved [org.springframework.web.servlet.resource.NoResourceFoundException: No static resource favicon.ico.]
[2025-01-28 16:14:45] [http-nio-8080-exec-5] WARN  [org.springframework.web.servlet.handler.AbstractHandlerExceptionResolver.logException:254] - Resolved [org.springframework.web.servlet.resource.NoResourceFoundException: No static resource favicon.ico.]
[2025-01-28 16:14:48] [http-nio-8080-exec-1] WARN  [org.springframework.web.servlet.handler.AbstractHandlerExceptionResolver.logException:254] - Resolved [org.springframework.web.servlet.resource.NoResourceFoundException: No static resource favicon.ico.]
[2025-01-28 16:14:55] [http-nio-8080-exec-8] WARN  [org.springframework.web.servlet.handler.AbstractHandlerExceptionResolver.logException:254] - Resolved [org.springframework.web.servlet.resource.NoResourceFoundException: No static resource favicon.ico.]
[2025-01-28 16:14:57] [http-nio-8080-exec-6] WARN  [org.springframework.web.servlet.handler.AbstractHandlerExceptionResolver.logException:254] - Resolved [org.springframework.web.servlet.resource.NoResourceFoundException: No static resource favicon.ico.]
[2025-01-28 16:15:08] [http-nio-8080-exec-2] WARN  [org.springframework.web.servlet.handler.AbstractHandlerExceptionResolver.logException:254] - Resolved [com.devlog.devlog.exception.JournalException]
[2025-01-28 16:15:38] [http-nio-8080-exec-6] WARN  [org.springframework.web.servlet.handler.AbstractHandlerExceptionResolver.logException:254] - Resolved [org.springframework.web.servlet.resource.NoResourceFoundException: No static resource favicon.ico.]
[2025-01-28 16:15:40] [http-nio-8080-exec-8] WARN  [org.springframework.web.servlet.handler.AbstractHandlerExceptionResolver.logException:254] - Resolved [org.springframework.web.servlet.resource.NoResourceFoundException: No static resource favicon.ico.]
[2025-01-28 16:17:43] [http-nio-8080-exec-5] WARN  [org.springframework.web.servlet.handler.AbstractHandlerExceptionResolver.logException:254] - Resolved [org.springframework.web.servlet.resource.NoResourceFoundException: No static resource favicon.ico.]
[2025-01-28 16:51:15] [http-nio-8080-exec-6] WARN  [org.springframework.web.servlet.handler.AbstractHandlerExceptionResolver.logException:254] - Resolved [org.springframework.web.servlet.resource.NoResourceFoundException: No static resource favicon.ico.]
[2025-01-28 16:51:19] [http-nio-8080-exec-7] WARN  [org.springframework.web.servlet.handler.AbstractHandlerExceptionResolver.logException:254] - Resolved [org.springframework.web.servlet.resource.NoResourceFoundException: No static resource favicon.ico.]
[2025-01-28 16:51:20] [http-nio-8080-exec-6] WARN  [org.springframework.web.servlet.handler.AbstractHandlerExceptionResolver.logException:254] - Resolved [org.springframework.web.servlet.resource.NoResourceFoundException: No static resource favicon.ico.]
[2025-01-28 16:51:22] [http-nio-8080-exec-8] WARN  [org.springframework.data.web.config.SpringDataJacksonConfiguration$PageModule$WarningLoggingModifier.changeProperties:156] - Serializing PageImpl instances as-is is not supported, meaning that there is no guarantee about the stability of the resulting JSON structure!
	For a stable JSON structure, please use Spring Data's PagedModel (globally via @EnableSpringDataWebSupport(pageSerializationMode = VIA_DTO))
	or Spring HATEOAS and Spring Data's PagedResourcesAssembler as documented in https://docs.spring.io/spring-data/commons/reference/repositories/core-extensions.html#core.web.pageables.

[2025-01-28 16:51:22] [http-nio-8080-exec-3] WARN  [org.springframework.web.servlet.handler.AbstractHandlerExceptionResolver.logException:254] - Resolved [org.springframework.web.servlet.resource.NoResourceFoundException: No static resource favicon.ico.]
[2025-01-28 16:51:23] [http-nio-8080-exec-7] WARN  [org.springframework.web.servlet.handler.AbstractHandlerExceptionResolver.logException:254] - Resolved [org.springframework.web.servlet.resource.NoResourceFoundException: No static resource favicon.ico.]
[2025-01-28 16:51:59] [http-nio-8080-exec-2] WARN  [org.springframework.web.servlet.handler.AbstractHandlerExceptionResolver.logException:254] - Resolved [org.springframework.web.servlet.resource.NoResourceFoundException: No static resource favicon.ico.]
[2025-01-28 16:52:15] [http-nio-8080-exec-10] WARN  [org.springframework.web.servlet.handler.AbstractHandlerExceptionResolver.logException:254] - Resolved [org.springframework.web.servlet.resource.NoResourceFoundException: No static resource favicon.ico.]
[2025-01-28 16:52:49] [http-nio-8080-exec-9] WARN  [org.springframework.web.servlet.handler.AbstractHandlerExceptionResolver.logException:254] - Resolved [org.springframework.web.servlet.resource.NoResourceFoundException: No static resource favicon.ico.]
[2025-01-28 16:53:04] [http-nio-8080-exec-9] WARN  [org.springframework.web.servlet.handler.AbstractHandlerExceptionResolver.logException:254] - Resolved [org.springframework.web.servlet.resource.NoResourceFoundException: No static resource favicon.ico.]
[2025-01-28 16:54:23] [http-nio-8080-exec-1] WARN  [org.springframework.web.servlet.handler.AbstractHandlerExceptionResolver.logException:254] - Resolved [org.springframework.web.servlet.resource.NoResourceFoundException: No static resource favicon.ico.]
[2025-01-28 16:54:58] [http-nio-8080-exec-9] WARN  [org.springframework.web.servlet.handler.AbstractHandlerExceptionResolver.logException:254] - Resolved [org.springframework.web.servlet.resource.NoResourceFoundException: No static resource favicon.ico.]
[2025-01-28 16:55:24] [http-nio-8080-exec-9] WARN  [org.springframework.web.servlet.handler.AbstractHandlerExceptionResolver.logException:254] - Resolved [org.springframework.web.servlet.resource.NoResourceFoundException: No static resource favicon.ico.]
[2025-01-28 16:56:02] [http-nio-8080-exec-2] WARN  [org.springframework.web.servlet.handler.AbstractHandlerExceptionResolver.logException:254] - Resolved [org.springframework.web.servlet.resource.NoResourceFoundException: No static resource favicon.ico.]
[2025-01-28 16:56:23] [http-nio-8080-exec-10] WARN  [org.springframework.web.servlet.handler.AbstractHandlerExceptionResolver.logException:254] - Resolved [org.springframework.web.servlet.resource.NoResourceFoundException: No static resource favicon.ico.]
[2025-01-28 16:56:24] [http-nio-8080-exec-8] WARN  [org.springframework.web.servlet.handler.AbstractHandlerExceptionResolver.logException:254] - Resolved [org.springframework.web.servlet.resource.NoResourceFoundException: No static resource favicon.ico.]
[2025-01-28 16:56:24] [http-nio-8080-exec-1] WARN  [org.springframework.web.servlet.handler.AbstractHandlerExceptionResolver.logException:254] - Resolved [org.springframework.web.servlet.resource.NoResourceFoundException: No static resource favicon.ico.]
[2025-01-28 16:56:25] [http-nio-8080-exec-4] WARN  [org.springframework.web.servlet.handler.AbstractHandlerExceptionResolver.logException:254] - Resolved [org.springframework.web.servlet.resource.NoResourceFoundException: No static resource favicon.ico.]
[2025-01-28 16:56:25] [http-nio-8080-exec-9] WARN  [org.springframework.web.servlet.handler.AbstractHandlerExceptionResolver.logException:254] - Resolved [org.springframework.web.servlet.resource.NoResourceFoundException: No static resource favicon.ico.]
[2025-01-28 16:56:47] [http-nio-8080-exec-10] WARN  [org.springframework.web.servlet.handler.AbstractHandlerExceptionResolver.logException:254] - Resolved [org.springframework.web.servlet.resource.NoResourceFoundException: No static resource favicon.ico.]
[2025-01-28 16:57:33] [http-nio-8080-exec-7] WARN  [org.springframework.web.servlet.handler.AbstractHandlerExceptionResolver.logException:254] - Resolved [org.springframework.web.servlet.resource.NoResourceFoundException: No static resource favicon.ico.]
[2025-01-28 16:58:21] [http-nio-8080-exec-1] WARN  [org.springframework.web.servlet.handler.AbstractHandlerExceptionResolver.logException:254] - Resolved [org.springframework.web.servlet.resource.NoResourceFoundException: No static resource favicon.ico.]
[2025-01-28 16:58:21] [http-nio-8080-exec-6] WARN  [org.springframework.web.servlet.handler.AbstractHandlerExceptionResolver.logException:254] - Resolved [org.springframework.web.servlet.resource.NoResourceFoundException: No static resource favicon.ico.]
[2025-01-28 16:58:23] [http-nio-8080-exec-10] WARN  [org.springframework.web.servlet.handler.AbstractHandlerExceptionResolver.logException:254] - Resolved [org.springframework.web.servlet.resource.NoResourceFoundException: No static resource favicon.ico.]
[2025-01-28 16:58:24] [http-nio-8080-exec-3] WARN  [org.springframework.web.servlet.handler.AbstractHandlerExceptionResolver.logException:254] - Resolved [org.springframework.web.servlet.resource.NoResourceFoundException: No static resource favicon.ico.]
[2025-01-28 16:58:25] [http-nio-8080-exec-1] WARN  [org.springframework.web.servlet.handler.AbstractHandlerExceptionResolver.logException:254] - Resolved [org.springframework.web.servlet.resource.NoResourceFoundException: No static resource favicon.ico.]
[2025-01-28 16:58:26] [http-nio-8080-exec-6] WARN  [org.springframework.web.servlet.handler.AbstractHandlerExceptionResolver.logException:254] - Resolved [org.springframework.web.servlet.resource.NoResourceFoundException: No static resource favicon.ico.]
[2025-01-28 16:58:40] [http-nio-8080-exec-5] WARN  [org.springframework.web.servlet.handler.AbstractHandlerExceptionResolver.logException:254] - Resolved [org.springframework.web.servlet.resource.NoResourceFoundException: No static resource favicon.ico.]
[2025-01-28 16:58:52] [http-nio-8080-exec-10] WARN  [org.springframework.web.servlet.handler.AbstractHandlerExceptionResolver.logException:254] - Resolved [org.springframework.web.servlet.resource.NoResourceFoundException: No static resource favicon.ico.]
[2025-01-28 16:59:59] [http-nio-8080-exec-7] WARN  [org.springframework.web.servlet.handler.AbstractHandlerExceptionResolver.logException:254] - Resolved [org.springframework.web.servlet.resource.NoResourceFoundException: No static resource favicon.ico.]
[2025-01-28 17:00:08] [http-nio-8080-exec-3] WARN  [org.springframework.web.servlet.handler.AbstractHandlerExceptionResolver.logException:254] - Resolved [org.springframework.web.servlet.resource.NoResourceFoundException: No static resource favicon.ico.]
[2025-01-28 17:39:40] [http-nio-8080-exec-8] WARN  [org.springframework.web.servlet.handler.AbstractHandlerExceptionResolver.logException:254] - Resolved [org.springframework.web.servlet.resource.NoResourceFoundException: No static resource favicon.ico.]
[2025-01-28 17:39:44] [http-nio-8080-exec-6] WARN  [org.springframework.web.servlet.handler.AbstractHandlerExceptionResolver.logException:254] - Resolved [org.springframework.web.servlet.resource.NoResourceFoundException: No static resource favicon.ico.]
[2025-01-28 17:40:02] [http-nio-8080-exec-3] WARN  [org.springframework.web.servlet.handler.AbstractHandlerExceptionResolver.logException:254] - Resolved [org.springframework.web.servlet.resource.NoResourceFoundException: No static resource favicon.ico.]
[2025-01-28 17:40:04] [http-nio-8080-exec-6] WARN  [org.springframework.web.servlet.handler.AbstractHandlerExceptionResolver.logException:254] - Resolved [org.springframework.web.servlet.resource.NoResourceFoundException: No static resource favicon.ico.]
[2025-01-28 17:40:12] [http-nio-8080-exec-5] WARN  [org.hibernate.engine.jdbc.spi.SqlExceptionHelper.logExceptions:145] - SQL Error: 23505, SQLState: 23505
[2025-01-28 17:40:12] [http-nio-8080-exec-5] ERROR [org.hibernate.engine.jdbc.spi.SqlExceptionHelper.logExceptions:150] - Unique index or primary key violation: "PRIMARY KEY ON PUBLIC.VISITOR_LOG(VISITOR_LOG_ID) ( /* key:9 */ CAST(9 AS BIGINT), NULL, DATE '2025-01-28', 'U_kgDOB-NAFA')"; SQL statement:
insert into visitor_log (member_id,referrer,visit_date,visitor_log_id) values (?,?,?,default) [23505-232]
[2025-01-28 17:40:13] [http-nio-8080-exec-5] ERROR [org.apache.juli.logging.DirectJDKLog.log:175] - Servlet.service() for servlet [dispatcherServlet] in context with path [] threw exception [Request processing failed: org.springframework.dao.DataIntegrityViolationException: could not execute statement [Unique index or primary key violation: "PRIMARY KEY ON PUBLIC.VISITOR_LOG(VISITOR_LOG_ID) ( /* key:9 */ CAST(9 AS BIGINT), NULL, DATE '2025-01-28', 'U_kgDOB-NAFA')"; SQL statement:
insert into visitor_log (member_id,referrer,visit_date,visitor_log_id) values (?,?,?,default) [23505-232]] [insert into visitor_log (member_id,referrer,visit_date,visitor_log_id) values (?,?,?,default)]; SQL [insert into visitor_log (member_id,referrer,visit_date,visitor_log_id) values (?,?,?,default)]; constraint [PRIMARY KEY]] with root cause
org.h2.jdbc.JdbcSQLIntegrityConstraintViolationException: Unique index or primary key violation: "PRIMARY KEY ON PUBLIC.VISITOR_LOG(VISITOR_LOG_ID) ( /* key:9 */ CAST(9 AS BIGINT), NULL, DATE '2025-01-28', 'U_kgDOB-NAFA')"; SQL statement:
insert into visitor_log (member_id,referrer,visit_date,visitor_log_id) values (?,?,?,default) [23505-232]
	at org.h2.message.DbException.getJdbcSQLException(DbException.java:520)
	at org.h2.message.DbException.getJdbcSQLException(DbException.java:489)
	at org.h2.message.DbException.get(DbException.java:223)
	at org.h2.message.DbException.get(DbException.java:199)
	at org.h2.mvstore.db.MVPrimaryIndex.add(MVPrimaryIndex.java:121)
	at org.h2.mvstore.db.MVTable.addRow(MVTable.java:517)
	at org.h2.command.dml.Insert.insertRows(Insert.java:174)
	at org.h2.command.dml.Insert.update(Insert.java:135)
	at org.h2.command.CommandContainer.executeUpdateWithGeneratedKeys(CommandContainer.java:212)
	at org.h2.command.CommandContainer.update(CommandContainer.java:133)
	at org.h2.command.Command.executeUpdate(Command.java:304)
	at org.h2.command.Command.executeUpdate(Command.java:248)
	at org.h2.jdbc.JdbcPreparedStatement.executeUpdateInternal(JdbcPreparedStatement.java:213)
	at org.h2.jdbc.JdbcPreparedStatement.executeUpdate(JdbcPreparedStatement.java:172)
	at com.zaxxer.hikari.pool.ProxyPreparedStatement.executeUpdate(ProxyPreparedStatement.java:61)
	at com.zaxxer.hikari.pool.HikariProxyPreparedStatement.executeUpdate(HikariProxyPreparedStatement.java)
	at org.hibernate.engine.jdbc.internal.ResultSetReturnImpl.executeUpdate(ResultSetReturnImpl.java:194)
	at org.hibernate.id.insert.GetGeneratedKeysDelegate.performMutation(GetGeneratedKeysDelegate.java:116)
	at org.hibernate.engine.jdbc.mutation.internal.MutationExecutorSingleNonBatched.performNonBatchedOperations(MutationExecutorSingleNonBatched.java:47)
	at org.hibernate.engine.jdbc.mutation.internal.AbstractMutationExecutor.execute(AbstractMutationExecutor.java:55)
	at org.hibernate.persister.entity.mutation.InsertCoordinatorStandard.doStaticInserts(InsertCoordinatorStandard.java:194)
	at org.hibernate.persister.entity.mutation.InsertCoordinatorStandard.coordinateInsert(InsertCoordinatorStandard.java:132)
	at org.hibernate.persister.entity.mutation.InsertCoordinatorStandard.insert(InsertCoordinatorStandard.java:95)
	at org.hibernate.action.internal.EntityIdentityInsertAction.execute(EntityIdentityInsertAction.java:85)
	at org.hibernate.engine.spi.ActionQueue.execute(ActionQueue.java:682)
	at org.hibernate.engine.spi.ActionQueue.addResolvedEntityInsertAction(ActionQueue.java:293)
	at org.hibernate.engine.spi.ActionQueue.addInsertAction(ActionQueue.java:274)
	at org.hibernate.engine.spi.ActionQueue.addAction(ActionQueue.java:324)
	at org.hibernate.event.internal.AbstractSaveEventListener.addInsertAction(AbstractSaveEventListener.java:393)
	at org.hibernate.event.internal.AbstractSaveEventListener.performSaveOrReplicate(AbstractSaveEventListener.java:307)
	at org.hibernate.event.internal.AbstractSaveEventListener.performSave(AbstractSaveEventListener.java:223)
	at org.hibernate.event.internal.AbstractSaveEventListener.saveWithGeneratedId(AbstractSaveEventListener.java:136)
	at org.hibernate.event.internal.DefaultPersistEventListener.entityIsTransient(DefaultPersistEventListener.java:177)
	at org.hibernate.event.internal.DefaultPersistEventListener.persist(DefaultPersistEventListener.java:95)
	at org.hibernate.event.internal.DefaultPersistEventListener.onPersist(DefaultPersistEventListener.java:79)
	at org.hibernate.event.internal.DefaultPersistEventListener.onPersist(DefaultPersistEventListener.java:55)
	at org.hibernate.event.service.internal.EventListenerGroupImpl.fireEventOnEachListener(EventListenerGroupImpl.java:127)
	at org.hibernate.internal.SessionImpl.firePersist(SessionImpl.java:761)
	at org.hibernate.internal.SessionImpl.persist(SessionImpl.java:745)
	at java.base/jdk.internal.reflect.DirectMethodHandleAccessor.invoke(DirectMethodHandleAccessor.java:103)
	at java.base/java.lang.reflect.Method.invoke(Method.java:580)
	at org.springframework.orm.jpa.SharedEntityManagerCreator$SharedEntityManagerInvocationHandler.invoke(SharedEntityManagerCreator.java:320)
	at jdk.proxy4/jdk.proxy4.$Proxy133.persist(Unknown Source)
	at org.springframework.data.jpa.repository.support.SimpleJpaRepository.save(SimpleJpaRepository.java:627)
	at java.base/jdk.internal.reflect.DirectMethodHandleAccessor.invoke(DirectMethodHandleAccessor.java:103)
	at java.base/java.lang.reflect.Method.invoke(Method.java:580)
	at org.springframework.aop.support.AopUtils.invokeJoinpointUsingReflection(AopUtils.java:359)
	at org.springframework.data.repository.core.support.RepositoryMethodInvoker$RepositoryFragmentMethodInvoker.lambda$new$0(RepositoryMethodInvoker.java:277)
	at org.springframework.data.repository.core.support.RepositoryMethodInvoker.doInvoke(RepositoryMethodInvoker.java:170)
	at org.springframework.data.repository.core.support.RepositoryMethodInvoker.invoke(RepositoryMethodInvoker.java:158)
	at org.springframework.data.repository.core.support.RepositoryComposition$RepositoryFragments.invoke(RepositoryComposition.java:515)
	at org.springframework.data.repository.core.support.RepositoryComposition.invoke(RepositoryComposition.java:284)
	at org.springframework.data.repository.core.support.RepositoryFactorySupport$ImplementationMethodExecutionInterceptor.invoke(RepositoryFactorySupport.java:752)
	at org.springframework.aop.framework.ReflectiveMethodInvocation.proceed(ReflectiveMethodInvocation.java:184)
	at org.springframework.data.repository.core.support.QueryExecutorMethodInterceptor.doInvoke(QueryExecutorMethodInterceptor.java:174)
	at org.springframework.data.repository.core.support.QueryExecutorMethodInterceptor.invoke(QueryExecutorMethodInterceptor.java:149)
	at org.springframework.aop.framework.ReflectiveMethodInvocation.proceed(ReflectiveMethodInvocation.java:184)
	at org.springframework.data.projection.DefaultMethodInvokingMethodInterceptor.invoke(DefaultMethodInvokingMethodInterceptor.java:69)
	at org.springframework.aop.framework.ReflectiveMethodInvocation.proceed(ReflectiveMethodInvocation.java:184)
	at org.springframework.transaction.interceptor.TransactionAspectSupport.invokeWithinTransaction(TransactionAspectSupport.java:380)
	at org.springframework.transaction.interceptor.TransactionInterceptor.invoke(TransactionInterceptor.java:119)
	at org.springframework.aop.framework.ReflectiveMethodInvocation.proceed(ReflectiveMethodInvocation.java:184)
	at org.springframework.dao.support.PersistenceExceptionTranslationInterceptor.invoke(PersistenceExceptionTranslationInterceptor.java:138)
	at org.springframework.aop.framework.ReflectiveMethodInvocation.proceed(ReflectiveMethodInvocation.java:184)
	at org.springframework.data.jpa.repository.support.CrudMethodMetadataPostProcessor$CrudMethodMetadataPopulatingMethodInterceptor.invoke(CrudMethodMetadataPostProcessor.java:165)
	at org.springframework.aop.framework.ReflectiveMethodInvocation.proceed(ReflectiveMethodInvocation.java:184)
	at org.springframework.aop.framework.JdkDynamicAopProxy.invoke(JdkDynamicAopProxy.java:223)
	at jdk.proxy4/jdk.proxy4.$Proxy140.save(Unknown Source)
	at com.devlog.devlog.service.UserTrackingService.visitorlog.VisitorLogSevice.createLog(VisitorLogSevice.java:26)
	at com.devlog.devlog.service.UserTrackingService.UserTrackingService.createLog(UserTrackingService.java:80)
	at com.devlog.devlog.service.UserTrackingService.UserTrackingService.trackingAnonymousVisit(UserTrackingService.java:36)
	at com.devlog.devlog.interceptor.JournalInterceptor.preHandle(JournalInterceptor.java:40)
	at org.springframework.web.servlet.HandlerExecutionChain.applyPreHandle(HandlerExecutionChain.java:146)
	at org.springframework.web.servlet.DispatcherServlet.doDispatch(DispatcherServlet.java:1083)
	at org.springframework.web.servlet.DispatcherServlet.doService(DispatcherServlet.java:978)
	at org.springframework.web.servlet.FrameworkServlet.processRequest(FrameworkServlet.java:1014)
	at org.springframework.web.servlet.FrameworkServlet.doGet(FrameworkServlet.java:903)
	at jakarta.servlet.http.HttpServlet.service(HttpServlet.java:564)
	at org.springframework.web.servlet.FrameworkServlet.service(FrameworkServlet.java:885)
	at jakarta.servlet.http.HttpServlet.service(HttpServlet.java:658)
	at org.apache.catalina.core.ApplicationFilterChain.internalDoFilter(ApplicationFilterChain.java:195)
	at org.apache.catalina.core.ApplicationFilterChain.doFilter(ApplicationFilterChain.java:140)
	at org.apache.tomcat.websocket.server.WsFilter.doFilter(WsFilter.java:51)
	at org.apache.catalina.core.ApplicationFilterChain.internalDoFilter(ApplicationFilterChain.java:164)
	at org.apache.catalina.core.ApplicationFilterChain.doFilter(ApplicationFilterChain.java:140)
	at com.devlog.devlog.filter.LogFilter.doFilterInternal(LogFilter.java:42)
	at org.springframework.web.filter.OncePerRequestFilter.doFilter(OncePerRequestFilter.java:116)
	at org.apache.catalina.core.ApplicationFilterChain.internalDoFilter(ApplicationFilterChain.java:164)
	at org.apache.catalina.core.ApplicationFilterChain.doFilter(ApplicationFilterChain.java:140)
	at org.springframework.web.filter.CompositeFilter$VirtualFilterChain.doFilter(CompositeFilter.java:108)
	at org.springframework.security.web.FilterChainProxy.lambda$doFilterInternal$3(FilterChainProxy.java:231)
	at org.springframework.security.web.FilterChainProxy$VirtualFilterChain.doFilter(FilterChainProxy.java:365)
	at org.springframework.security.web.access.intercept.AuthorizationFilter.doFilter(AuthorizationFilter.java:101)
	at org.springframework.security.web.FilterChainProxy$VirtualFilterChain.doFilter(FilterChainProxy.java:374)
	at org.springframework.security.web.access.ExceptionTranslationFilter.doFilter(ExceptionTranslationFilter.java:126)
	at org.springframework.security.web.access.ExceptionTranslationFilter.doFilter(ExceptionTranslationFilter.java:120)
	at org.springframework.security.web.FilterChainProxy$VirtualFilterChain.doFilter(FilterChainProxy.java:374)
	at org.springframework.security.web.authentication.AnonymousAuthenticationFilter.doFilter(AnonymousAuthenticationFilter.java:100)
	at org.springframework.security.web.FilterChainProxy$VirtualFilterChain.doFilter(FilterChainProxy.java:374)
	at org.springframework.security.web.servletapi.SecurityContextHolderAwareRequestFilter.doFilter(SecurityContextHolderAwareRequestFilter.java:179)
	at org.springframework.security.web.FilterChainProxy$VirtualFilterChain.doFilter(FilterChainProxy.java:374)
	at org.springframework.security.web.savedrequest.RequestCacheAwareFilter.doFilter(RequestCacheAwareFilter.java:63)
	at org.springframework.security.web.FilterChainProxy$VirtualFilterChain.doFilter(FilterChainProxy.java:374)
	at org.springframework.security.web.authentication.AbstractAuthenticationProcessingFilter.doFilter(AbstractAuthenticationProcessingFilter.java:227)
	at org.springframework.security.web.authentication.AbstractAuthenticationProcessingFilter.doFilter(AbstractAuthenticationProcessingFilter.java:221)
	at org.springframework.security.web.FilterChainProxy$VirtualFilterChain.doFilter(FilterChainProxy.java:374)
	at org.springframework.security.oauth2.client.web.OAuth2AuthorizationRequestRedirectFilter.doFilterInternal(OAuth2AuthorizationRequestRedirectFilter.java:198)
	at org.springframework.web.filter.OncePerRequestFilter.doFilter(OncePerRequestFilter.java:116)
	at org.springframework.security.web.FilterChainProxy$VirtualFilterChain.doFilter(FilterChainProxy.java:374)
	at org.springframework.security.web.authentication.logout.LogoutFilter.doFilter(LogoutFilter.java:107)
	at org.springframework.security.web.authentication.logout.LogoutFilter.doFilter(LogoutFilter.java:93)
	at org.springframework.security.web.FilterChainProxy$VirtualFilterChain.doFilter(FilterChainProxy.java:374)
	at org.springframework.security.web.header.HeaderWriterFilter.doHeadersAfter(HeaderWriterFilter.java:90)
	at org.springframework.security.web.header.HeaderWriterFilter.doFilterInternal(HeaderWriterFilter.java:75)
	at org.springframework.web.filter.OncePerRequestFilter.doFilter(OncePerRequestFilter.java:116)
	at org.springframework.security.web.FilterChainProxy$VirtualFilterChain.doFilter(FilterChainProxy.java:374)
	at org.springframework.security.web.context.SecurityContextHolderFilter.doFilter(SecurityContextHolderFilter.java:82)
	at org.springframework.security.web.context.SecurityContextHolderFilter.doFilter(SecurityContextHolderFilter.java:69)
	at org.springframework.security.web.FilterChainProxy$VirtualFilterChain.doFilter(FilterChainProxy.java:374)
	at org.springframework.security.web.context.request.async.WebAsyncManagerIntegrationFilter.doFilterInternal(WebAsyncManagerIntegrationFilter.java:62)
	at org.springframework.web.filter.OncePerRequestFilter.doFilter(OncePerRequestFilter.java:116)
	at org.springframework.security.web.FilterChainProxy$VirtualFilterChain.doFilter(FilterChainProxy.java:374)
	at org.springframework.security.web.session.DisableEncodeUrlFilter.doFilterInternal(DisableEncodeUrlFilter.java:42)
	at org.springframework.web.filter.OncePerRequestFilter.doFilter(OncePerRequestFilter.java:116)
	at org.springframework.security.web.FilterChainProxy$VirtualFilterChain.doFilter(FilterChainProxy.java:374)
	at org.springframework.security.web.FilterChainProxy.doFilterInternal(FilterChainProxy.java:233)
	at org.springframework.security.web.FilterChainProxy.doFilter(FilterChainProxy.java:191)
	at org.springframework.web.filter.CompositeFilter$VirtualFilterChain.doFilter(CompositeFilter.java:113)
	at org.springframework.web.servlet.handler.HandlerMappingIntrospector.lambda$createCacheFilter$3(HandlerMappingIntrospector.java:243)
	at org.springframework.web.filter.CompositeFilter$VirtualFilterChain.doFilter(CompositeFilter.java:113)
	at org.springframework.web.filter.CompositeFilter.doFilter(CompositeFilter.java:74)
	at org.springframework.security.config.annotation.web.configuration.WebMvcSecurityConfiguration$CompositeFilterChainProxy.doFilter(WebMvcSecurityConfiguration.java:238)
	at org.springframework.web.filter.DelegatingFilterProxy.invokeDelegate(DelegatingFilterProxy.java:362)
	at org.springframework.web.filter.DelegatingFilterProxy.doFilter(DelegatingFilterProxy.java:278)
	at org.apache.catalina.core.ApplicationFilterChain.internalDoFilter(ApplicationFilterChain.java:164)
	at org.apache.catalina.core.ApplicationFilterChain.doFilter(ApplicationFilterChain.java:140)
	at org.springframework.web.filter.RequestContextFilter.doFilterInternal(RequestContextFilter.java:100)
	at org.springframework.web.filter.OncePerRequestFilter.doFilter(OncePerRequestFilter.java:116)
	at org.apache.catalina.core.ApplicationFilterChain.internalDoFilter(ApplicationFilterChain.java:164)
	at org.apache.catalina.core.ApplicationFilterChain.doFilter(ApplicationFilterChain.java:140)
	at org.springframework.web.filter.FormContentFilter.doFilterInternal(FormContentFilter.java:93)
	at org.springframework.web.filter.OncePerRequestFilter.doFilter(OncePerRequestFilter.java:116)
	at org.apache.catalina.core.ApplicationFilterChain.internalDoFilter(ApplicationFilterChain.java:164)
	at org.apache.catalina.core.ApplicationFilterChain.doFilter(ApplicationFilterChain.java:140)
	at org.springframework.web.filter.CharacterEncodingFilter.doFilterInternal(CharacterEncodingFilter.java:201)
	at org.springframework.web.filter.OncePerRequestFilter.doFilter(OncePerRequestFilter.java:116)
	at org.apache.catalina.core.ApplicationFilterChain.internalDoFilter(ApplicationFilterChain.java:164)
	at org.apache.catalina.core.ApplicationFilterChain.doFilter(ApplicationFilterChain.java:140)
	at org.apache.catalina.core.StandardWrapperValve.invoke(StandardWrapperValve.java:167)
	at org.apache.catalina.core.StandardContextValve.invoke(StandardContextValve.java:90)
	at org.apache.catalina.authenticator.AuthenticatorBase.invoke(AuthenticatorBase.java:483)
	at org.apache.catalina.core.StandardHostValve.invoke(StandardHostValve.java:115)
	at org.apache.catalina.valves.ErrorReportValve.invoke(ErrorReportValve.java:93)
	at org.apache.catalina.core.StandardEngineValve.invoke(StandardEngineValve.java:74)
	at org.apache.catalina.connector.CoyoteAdapter.service(CoyoteAdapter.java:344)
	at org.apache.coyote.http11.Http11Processor.service(Http11Processor.java:397)
	at org.apache.coyote.AbstractProcessorLight.process(AbstractProcessorLight.java:63)
	at org.apache.coyote.AbstractProtocol$ConnectionHandler.process(AbstractProtocol.java:905)
	at org.apache.tomcat.util.net.NioEndpoint$SocketProcessor.doRun(NioEndpoint.java:1741)
	at org.apache.tomcat.util.net.SocketProcessorBase.run(SocketProcessorBase.java:52)
	at org.apache.tomcat.util.threads.ThreadPoolExecutor.runWorker(ThreadPoolExecutor.java:1190)
	at org.apache.tomcat.util.threads.ThreadPoolExecutor$Worker.run(ThreadPoolExecutor.java:659)
	at org.apache.tomcat.util.threads.TaskThread$WrappingRunnable.run(TaskThread.java:63)
	at java.base/java.lang.Thread.run(Thread.java:1575)
[2025-01-28 17:40:14] [http-nio-8080-exec-3] WARN  [org.springframework.web.servlet.handler.AbstractHandlerExceptionResolver.logException:254] - Resolved [org.springframework.web.servlet.resource.NoResourceFoundException: No static resource favicon.ico.]
[2025-01-28 17:40:19] [http-nio-8080-exec-9] WARN  [org.springframework.web.servlet.handler.AbstractHandlerExceptionResolver.logException:254] - Resolved [org.springframework.web.servlet.resource.NoResourceFoundException: No static resource favicon.ico.]
[2025-01-28 17:40:27] [http-nio-8080-exec-3] WARN  [org.springframework.web.servlet.handler.AbstractHandlerExceptionResolver.logException:254] - Resolved [org.springframework.web.servlet.resource.NoResourceFoundException: No static resource favicon.ico.]
[2025-01-28 17:40:27] [http-nio-8080-exec-9] WARN  [org.springframework.web.servlet.handler.AbstractHandlerExceptionResolver.logException:254] - Resolved [org.springframework.web.servlet.resource.NoResourceFoundException: No static resource favicon.ico.]
[2025-01-28 17:40:28] [http-nio-8080-exec-3] WARN  [org.springframework.web.servlet.handler.AbstractHandlerExceptionResolver.logException:254] - Resolved [org.springframework.web.servlet.resource.NoResourceFoundException: No static resource favicon.ico.]
[2025-01-28 17:40:28] [http-nio-8080-exec-9] WARN  [org.springframework.web.servlet.handler.AbstractHandlerExceptionResolver.logException:254] - Resolved [org.springframework.web.servlet.resource.NoResourceFoundException: No static resource favicon.ico.]
[2025-01-28 17:40:28] [http-nio-8080-exec-3] WARN  [org.springframework.web.servlet.handler.AbstractHandlerExceptionResolver.logException:254] - Resolved [org.springframework.web.servlet.resource.NoResourceFoundException: No static resource favicon.ico.]
[2025-01-28 17:40:28] [http-nio-8080-exec-6] WARN  [org.springframework.web.servlet.handler.AbstractHandlerExceptionResolver.logException:254] - Resolved [org.springframework.web.servlet.resource.NoResourceFoundException: No static resource favicon.ico.]
[2025-01-28 17:43:33] [http-nio-8080-exec-7] WARN  [org.springframework.web.servlet.handler.AbstractHandlerExceptionResolver.logException:254] - Resolved [org.springframework.web.servlet.resource.NoResourceFoundException: No static resource favicon.ico.]
[2025-01-28 17:43:34] [http-nio-8080-exec-5] WARN  [org.springframework.web.servlet.handler.AbstractHandlerExceptionResolver.logException:254] - Resolved [org.springframework.web.servlet.resource.NoResourceFoundException: No static resource favicon.ico.]
[2025-01-28 17:43:35] [http-nio-8080-exec-1] WARN  [org.springframework.web.servlet.handler.AbstractHandlerExceptionResolver.logException:254] - Resolved [org.springframework.web.servlet.resource.NoResourceFoundException: No static resource favicon.ico.]
[2025-01-28 20:52:44] [http-nio-8080-exec-6] INFO  [org.apache.juli.logging.DirectJDKLog.log:175] - Error parsing HTTP request header
 Note: further occurrences of HTTP request parsing errors will be logged at DEBUG level.
java.lang.IllegalArgumentException: Invalid character found in method name [0x120x010x00^0x000x000x010x000x000x00$0x000x060x010x00*0x000x010x020x00+0x000x010x030x00,0x000x040x040x0000x000x010x050x0010x00$0x060x00U0x000x010xff0x040x070x0c0xbc0x000x000x000x000x000x000x150xd00x00 ]. HTTP method names must be tokens
	at org.apache.coyote.http11.Http11InputBuffer.parseRequestLine(Http11InputBuffer.java:406)
	at org.apache.coyote.http11.Http11Processor.service(Http11Processor.java:270)
	at org.apache.coyote.AbstractProcessorLight.process(AbstractProcessorLight.java:63)
	at org.apache.coyote.AbstractProtocol$ConnectionHandler.process(AbstractProtocol.java:905)
	at org.apache.tomcat.util.net.NioEndpoint$SocketProcessor.doRun(NioEndpoint.java:1741)
	at org.apache.tomcat.util.net.SocketProcessorBase.run(SocketProcessorBase.java:52)
	at org.apache.tomcat.util.threads.ThreadPoolExecutor.runWorker(ThreadPoolExecutor.java:1190)
	at org.apache.tomcat.util.threads.ThreadPoolExecutor$Worker.run(ThreadPoolExecutor.java:659)
	at org.apache.tomcat.util.threads.TaskThread$WrappingRunnable.run(TaskThread.java:63)
	at java.base/java.lang.Thread.run(Thread.java:1575)
[2025-01-28 20:53:31] [http-nio-8080-exec-1] WARN  [org.hibernate.engine.jdbc.spi.SqlExceptionHelper.logExceptions:145] - SQL Error: 23505, SQLState: 23505
[2025-01-28 20:53:31] [http-nio-8080-exec-1] ERROR [org.hibernate.engine.jdbc.spi.SqlExceptionHelper.logExceptions:150] - Unique index or primary key violation: "PRIMARY KEY ON PUBLIC.VISITOR_LOG(VISITOR_LOG_ID) ( /* key:10 */ CAST(10 AS BIGINT), NULL, DATE '2025-01-27', 'U_kgDOB-NAFA')"; SQL statement:
insert into visitor_log (member_id,referrer,visit_date,visitor_log_id) values (?,?,?,default) [23505-232]
[2025-01-28 20:53:31] [http-nio-8080-exec-1] ERROR [org.apache.juli.logging.DirectJDKLog.log:175] - Servlet.service() for servlet [dispatcherServlet] in context with path [] threw exception [Request processing failed: org.springframework.dao.DataIntegrityViolationException: could not execute statement [Unique index or primary key violation: "PRIMARY KEY ON PUBLIC.VISITOR_LOG(VISITOR_LOG_ID) ( /* key:10 */ CAST(10 AS BIGINT), NULL, DATE '2025-01-27', 'U_kgDOB-NAFA')"; SQL statement:
insert into visitor_log (member_id,referrer,visit_date,visitor_log_id) values (?,?,?,default) [23505-232]] [insert into visitor_log (member_id,referrer,visit_date,visitor_log_id) values (?,?,?,default)]; SQL [insert into visitor_log (member_id,referrer,visit_date,visitor_log_id) values (?,?,?,default)]; constraint [PRIMARY KEY]] with root cause
org.h2.jdbc.JdbcSQLIntegrityConstraintViolationException: Unique index or primary key violation: "PRIMARY KEY ON PUBLIC.VISITOR_LOG(VISITOR_LOG_ID) ( /* key:10 */ CAST(10 AS BIGINT), NULL, DATE '2025-01-27', 'U_kgDOB-NAFA')"; SQL statement:
insert into visitor_log (member_id,referrer,visit_date,visitor_log_id) values (?,?,?,default) [23505-232]
	at org.h2.message.DbException.getJdbcSQLException(DbException.java:520)
	at org.h2.message.DbException.getJdbcSQLException(DbException.java:489)
	at org.h2.message.DbException.get(DbException.java:223)
	at org.h2.message.DbException.get(DbException.java:199)
	at org.h2.mvstore.db.MVPrimaryIndex.add(MVPrimaryIndex.java:121)
	at org.h2.mvstore.db.MVTable.addRow(MVTable.java:517)
	at org.h2.command.dml.Insert.insertRows(Insert.java:174)
	at org.h2.command.dml.Insert.update(Insert.java:135)
	at org.h2.command.CommandContainer.executeUpdateWithGeneratedKeys(CommandContainer.java:212)
	at org.h2.command.CommandContainer.update(CommandContainer.java:133)
	at org.h2.command.Command.executeUpdate(Command.java:304)
	at org.h2.command.Command.executeUpdate(Command.java:248)
	at org.h2.jdbc.JdbcPreparedStatement.executeUpdateInternal(JdbcPreparedStatement.java:213)
	at org.h2.jdbc.JdbcPreparedStatement.executeUpdate(JdbcPreparedStatement.java:172)
	at com.zaxxer.hikari.pool.ProxyPreparedStatement.executeUpdate(ProxyPreparedStatement.java:61)
	at com.zaxxer.hikari.pool.HikariProxyPreparedStatement.executeUpdate(HikariProxyPreparedStatement.java)
	at org.hibernate.engine.jdbc.internal.ResultSetReturnImpl.executeUpdate(ResultSetReturnImpl.java:194)
	at org.hibernate.id.insert.GetGeneratedKeysDelegate.performMutation(GetGeneratedKeysDelegate.java:116)
	at org.hibernate.engine.jdbc.mutation.internal.MutationExecutorSingleNonBatched.performNonBatchedOperations(MutationExecutorSingleNonBatched.java:47)
	at org.hibernate.engine.jdbc.mutation.internal.AbstractMutationExecutor.execute(AbstractMutationExecutor.java:55)
	at org.hibernate.persister.entity.mutation.InsertCoordinatorStandard.doStaticInserts(InsertCoordinatorStandard.java:194)
	at org.hibernate.persister.entity.mutation.InsertCoordinatorStandard.coordinateInsert(InsertCoordinatorStandard.java:132)
	at org.hibernate.persister.entity.mutation.InsertCoordinatorStandard.insert(InsertCoordinatorStandard.java:95)
	at org.hibernate.action.internal.EntityIdentityInsertAction.execute(EntityIdentityInsertAction.java:85)
	at org.hibernate.engine.spi.ActionQueue.execute(ActionQueue.java:682)
	at org.hibernate.engine.spi.ActionQueue.addResolvedEntityInsertAction(ActionQueue.java:293)
	at org.hibernate.engine.spi.ActionQueue.addInsertAction(ActionQueue.java:274)
	at org.hibernate.engine.spi.ActionQueue.addAction(ActionQueue.java:324)
	at org.hibernate.event.internal.AbstractSaveEventListener.addInsertAction(AbstractSaveEventListener.java:393)
	at org.hibernate.event.internal.AbstractSaveEventListener.performSaveOrReplicate(AbstractSaveEventListener.java:307)
	at org.hibernate.event.internal.AbstractSaveEventListener.performSave(AbstractSaveEventListener.java:223)
	at org.hibernate.event.internal.AbstractSaveEventListener.saveWithGeneratedId(AbstractSaveEventListener.java:136)
	at org.hibernate.event.internal.DefaultPersistEventListener.entityIsTransient(DefaultPersistEventListener.java:177)
	at org.hibernate.event.internal.DefaultPersistEventListener.persist(DefaultPersistEventListener.java:95)
	at org.hibernate.event.internal.DefaultPersistEventListener.onPersist(DefaultPersistEventListener.java:79)
	at org.hibernate.event.internal.DefaultPersistEventListener.onPersist(DefaultPersistEventListener.java:55)
	at org.hibernate.event.service.internal.EventListenerGroupImpl.fireEventOnEachListener(EventListenerGroupImpl.java:127)
	at org.hibernate.internal.SessionImpl.firePersist(SessionImpl.java:761)
	at org.hibernate.internal.SessionImpl.persist(SessionImpl.java:745)
	at java.base/jdk.internal.reflect.DirectMethodHandleAccessor.invoke(DirectMethodHandleAccessor.java:103)
	at java.base/java.lang.reflect.Method.invoke(Method.java:580)
	at org.springframework.orm.jpa.SharedEntityManagerCreator$SharedEntityManagerInvocationHandler.invoke(SharedEntityManagerCreator.java:320)
	at jdk.proxy4/jdk.proxy4.$Proxy133.persist(Unknown Source)
	at org.springframework.data.jpa.repository.support.SimpleJpaRepository.save(SimpleJpaRepository.java:627)
	at java.base/jdk.internal.reflect.DirectMethodHandleAccessor.invoke(DirectMethodHandleAccessor.java:103)
	at java.base/java.lang.reflect.Method.invoke(Method.java:580)
	at org.springframework.aop.support.AopUtils.invokeJoinpointUsingReflection(AopUtils.java:359)
	at org.springframework.data.repository.core.support.RepositoryMethodInvoker$RepositoryFragmentMethodInvoker.lambda$new$0(RepositoryMethodInvoker.java:277)
	at org.springframework.data.repository.core.support.RepositoryMethodInvoker.doInvoke(RepositoryMethodInvoker.java:170)
	at org.springframework.data.repository.core.support.RepositoryMethodInvoker.invoke(RepositoryMethodInvoker.java:158)
	at org.springframework.data.repository.core.support.RepositoryComposition$RepositoryFragments.invoke(RepositoryComposition.java:515)
	at org.springframework.data.repository.core.support.RepositoryComposition.invoke(RepositoryComposition.java:284)
	at org.springframework.data.repository.core.support.RepositoryFactorySupport$ImplementationMethodExecutionInterceptor.invoke(RepositoryFactorySupport.java:752)
	at org.springframework.aop.framework.ReflectiveMethodInvocation.proceed(ReflectiveMethodInvocation.java:184)
	at org.springframework.data.repository.core.support.QueryExecutorMethodInterceptor.doInvoke(QueryExecutorMethodInterceptor.java:174)
	at org.springframework.data.repository.core.support.QueryExecutorMethodInterceptor.invoke(QueryExecutorMethodInterceptor.java:149)
	at org.springframework.aop.framework.ReflectiveMethodInvocation.proceed(ReflectiveMethodInvocation.java:184)
	at org.springframework.data.projection.DefaultMethodInvokingMethodInterceptor.invoke(DefaultMethodInvokingMethodInterceptor.java:69)
	at org.springframework.aop.framework.ReflectiveMethodInvocation.proceed(ReflectiveMethodInvocation.java:184)
	at org.springframework.transaction.interceptor.TransactionAspectSupport.invokeWithinTransaction(TransactionAspectSupport.java:380)
	at org.springframework.transaction.interceptor.TransactionInterceptor.invoke(TransactionInterceptor.java:119)
	at org.springframework.aop.framework.ReflectiveMethodInvocation.proceed(ReflectiveMethodInvocation.java:184)
	at org.springframework.dao.support.PersistenceExceptionTranslationInterceptor.invoke(PersistenceExceptionTranslationInterceptor.java:138)
	at org.springframework.aop.framework.ReflectiveMethodInvocation.proceed(ReflectiveMethodInvocation.java:184)
	at org.springframework.data.jpa.repository.support.CrudMethodMetadataPostProcessor$CrudMethodMetadataPopulatingMethodInterceptor.invoke(CrudMethodMetadataPostProcessor.java:165)
	at org.springframework.aop.framework.ReflectiveMethodInvocation.proceed(ReflectiveMethodInvocation.java:184)
	at org.springframework.aop.framework.JdkDynamicAopProxy.invoke(JdkDynamicAopProxy.java:223)
	at jdk.proxy4/jdk.proxy4.$Proxy140.save(Unknown Source)
	at com.devlog.devlog.service.UserTrackingService.visitorlog.VisitorLogSevice.createLog(VisitorLogSevice.java:26)
	at com.devlog.devlog.service.UserTrackingService.UserTrackingService.createLog(UserTrackingService.java:80)
	at com.devlog.devlog.service.UserTrackingService.UserTrackingService.trackingAnonymousVisit(UserTrackingService.java:36)
	at com.devlog.devlog.interceptor.JournalInterceptor.preHandle(JournalInterceptor.java:40)
	at org.springframework.web.servlet.HandlerExecutionChain.applyPreHandle(HandlerExecutionChain.java:146)
	at org.springframework.web.servlet.DispatcherServlet.doDispatch(DispatcherServlet.java:1083)
	at org.springframework.web.servlet.DispatcherServlet.doService(DispatcherServlet.java:978)
	at org.springframework.web.servlet.FrameworkServlet.processRequest(FrameworkServlet.java:1014)
	at org.springframework.web.servlet.FrameworkServlet.doGet(FrameworkServlet.java:903)
	at jakarta.servlet.http.HttpServlet.service(HttpServlet.java:564)
	at org.springframework.web.servlet.FrameworkServlet.service(FrameworkServlet.java:885)
	at jakarta.servlet.http.HttpServlet.service(HttpServlet.java:658)
	at org.apache.catalina.core.ApplicationFilterChain.internalDoFilter(ApplicationFilterChain.java:195)
	at org.apache.catalina.core.ApplicationFilterChain.doFilter(ApplicationFilterChain.java:140)
	at org.apache.tomcat.websocket.server.WsFilter.doFilter(WsFilter.java:51)
	at org.apache.catalina.core.ApplicationFilterChain.internalDoFilter(ApplicationFilterChain.java:164)
	at org.apache.catalina.core.ApplicationFilterChain.doFilter(ApplicationFilterChain.java:140)
	at com.devlog.devlog.filter.LogFilter.doFilterInternal(LogFilter.java:42)
	at org.springframework.web.filter.OncePerRequestFilter.doFilter(OncePerRequestFilter.java:116)
	at org.apache.catalina.core.ApplicationFilterChain.internalDoFilter(ApplicationFilterChain.java:164)
	at org.apache.catalina.core.ApplicationFilterChain.doFilter(ApplicationFilterChain.java:140)
	at org.springframework.web.filter.CompositeFilter$VirtualFilterChain.doFilter(CompositeFilter.java:108)
	at org.springframework.security.web.FilterChainProxy.lambda$doFilterInternal$3(FilterChainProxy.java:231)
	at org.springframework.security.web.FilterChainProxy$VirtualFilterChain.doFilter(FilterChainProxy.java:365)
	at org.springframework.security.web.access.intercept.AuthorizationFilter.doFilter(AuthorizationFilter.java:101)
	at org.springframework.security.web.FilterChainProxy$VirtualFilterChain.doFilter(FilterChainProxy.java:374)
	at org.springframework.security.web.access.ExceptionTranslationFilter.doFilter(ExceptionTranslationFilter.java:126)
	at org.springframework.security.web.access.ExceptionTranslationFilter.doFilter(ExceptionTranslationFilter.java:120)
	at org.springframework.security.web.FilterChainProxy$VirtualFilterChain.doFilter(FilterChainProxy.java:374)
	at org.springframework.security.web.authentication.AnonymousAuthenticationFilter.doFilter(AnonymousAuthenticationFilter.java:100)
	at org.springframework.security.web.FilterChainProxy$VirtualFilterChain.doFilter(FilterChainProxy.java:374)
	at org.springframework.security.web.servletapi.SecurityContextHolderAwareRequestFilter.doFilter(SecurityContextHolderAwareRequestFilter.java:179)
	at org.springframework.security.web.FilterChainProxy$VirtualFilterChain.doFilter(FilterChainProxy.java:374)
	at org.springframework.security.web.savedrequest.RequestCacheAwareFilter.doFilter(RequestCacheAwareFilter.java:63)
	at org.springframework.security.web.FilterChainProxy$VirtualFilterChain.doFilter(FilterChainProxy.java:374)
	at org.springframework.security.web.authentication.AbstractAuthenticationProcessingFilter.doFilter(AbstractAuthenticationProcessingFilter.java:227)
	at org.springframework.security.web.authentication.AbstractAuthenticationProcessingFilter.doFilter(AbstractAuthenticationProcessingFilter.java:221)
	at org.springframework.security.web.FilterChainProxy$VirtualFilterChain.doFilter(FilterChainProxy.java:374)
	at org.springframework.security.oauth2.client.web.OAuth2AuthorizationRequestRedirectFilter.doFilterInternal(OAuth2AuthorizationRequestRedirectFilter.java:198)
	at org.springframework.web.filter.OncePerRequestFilter.doFilter(OncePerRequestFilter.java:116)
	at org.springframework.security.web.FilterChainProxy$VirtualFilterChain.doFilter(FilterChainProxy.java:374)
	at org.springframework.security.web.authentication.logout.LogoutFilter.doFilter(LogoutFilter.java:107)
	at org.springframework.security.web.authentication.logout.LogoutFilter.doFilter(LogoutFilter.java:93)
	at org.springframework.security.web.FilterChainProxy$VirtualFilterChain.doFilter(FilterChainProxy.java:374)
	at org.springframework.security.web.header.HeaderWriterFilter.doHeadersAfter(HeaderWriterFilter.java:90)
	at org.springframework.security.web.header.HeaderWriterFilter.doFilterInternal(HeaderWriterFilter.java:75)
	at org.springframework.web.filter.OncePerRequestFilter.doFilter(OncePerRequestFilter.java:116)
	at org.springframework.security.web.FilterChainProxy$VirtualFilterChain.doFilter(FilterChainProxy.java:374)
	at org.springframework.security.web.context.SecurityContextHolderFilter.doFilter(SecurityContextHolderFilter.java:82)
	at org.springframework.security.web.context.SecurityContextHolderFilter.doFilter(SecurityContextHolderFilter.java:69)
	at org.springframework.security.web.FilterChainProxy$VirtualFilterChain.doFilter(FilterChainProxy.java:374)
	at org.springframework.security.web.context.request.async.WebAsyncManagerIntegrationFilter.doFilterInternal(WebAsyncManagerIntegrationFilter.java:62)
	at org.springframework.web.filter.OncePerRequestFilter.doFilter(OncePerRequestFilter.java:116)
	at org.springframework.security.web.FilterChainProxy$VirtualFilterChain.doFilter(FilterChainProxy.java:374)
	at org.springframework.security.web.session.DisableEncodeUrlFilter.doFilterInternal(DisableEncodeUrlFilter.java:42)
	at org.springframework.web.filter.OncePerRequestFilter.doFilter(OncePerRequestFilter.java:116)
	at org.springframework.security.web.FilterChainProxy$VirtualFilterChain.doFilter(FilterChainProxy.java:374)
	at org.springframework.security.web.FilterChainProxy.doFilterInternal(FilterChainProxy.java:233)
	at org.springframework.security.web.FilterChainProxy.doFilter(FilterChainProxy.java:191)
	at org.springframework.web.filter.CompositeFilter$VirtualFilterChain.doFilter(CompositeFilter.java:113)
	at org.springframework.web.servlet.handler.HandlerMappingIntrospector.lambda$createCacheFilter$3(HandlerMappingIntrospector.java:243)
	at org.springframework.web.filter.CompositeFilter$VirtualFilterChain.doFilter(CompositeFilter.java:113)
	at org.springframework.web.filter.CompositeFilter.doFilter(CompositeFilter.java:74)
	at org.springframework.security.config.annotation.web.configuration.WebMvcSecurityConfiguration$CompositeFilterChainProxy.doFilter(WebMvcSecurityConfiguration.java:238)
	at org.springframework.web.filter.DelegatingFilterProxy.invokeDelegate(DelegatingFilterProxy.java:362)
	at org.springframework.web.filter.DelegatingFilterProxy.doFilter(DelegatingFilterProxy.java:278)
	at org.apache.catalina.core.ApplicationFilterChain.internalDoFilter(ApplicationFilterChain.java:164)
	at org.apache.catalina.core.ApplicationFilterChain.doFilter(ApplicationFilterChain.java:140)
	at org.springframework.web.filter.RequestContextFilter.doFilterInternal(RequestContextFilter.java:100)
	at org.springframework.web.filter.OncePerRequestFilter.doFilter(OncePerRequestFilter.java:116)
	at org.apache.catalina.core.ApplicationFilterChain.internalDoFilter(ApplicationFilterChain.java:164)
	at org.apache.catalina.core.ApplicationFilterChain.doFilter(ApplicationFilterChain.java:140)
	at org.springframework.web.filter.FormContentFilter.doFilterInternal(FormContentFilter.java:93)
	at org.springframework.web.filter.OncePerRequestFilter.doFilter(OncePerRequestFilter.java:116)
	at org.apache.catalina.core.ApplicationFilterChain.internalDoFilter(ApplicationFilterChain.java:164)
	at org.apache.catalina.core.ApplicationFilterChain.doFilter(ApplicationFilterChain.java:140)
	at org.springframework.web.filter.CharacterEncodingFilter.doFilterInternal(CharacterEncodingFilter.java:201)
	at org.springframework.web.filter.OncePerRequestFilter.doFilter(OncePerRequestFilter.java:116)
	at org.apache.catalina.core.ApplicationFilterChain.internalDoFilter(ApplicationFilterChain.java:164)
	at org.apache.catalina.core.ApplicationFilterChain.doFilter(ApplicationFilterChain.java:140)
	at org.apache.catalina.core.StandardWrapperValve.invoke(StandardWrapperValve.java:167)
	at org.apache.catalina.core.StandardContextValve.invoke(StandardContextValve.java:90)
	at org.apache.catalina.authenticator.AuthenticatorBase.invoke(AuthenticatorBase.java:483)
	at org.apache.catalina.core.StandardHostValve.invoke(StandardHostValve.java:115)
	at org.apache.catalina.valves.ErrorReportValve.invoke(ErrorReportValve.java:93)
	at org.apache.catalina.core.StandardEngineValve.invoke(StandardEngineValve.java:74)
	at org.apache.catalina.connector.CoyoteAdapter.service(CoyoteAdapter.java:344)
	at org.apache.coyote.http11.Http11Processor.service(Http11Processor.java:397)
	at org.apache.coyote.AbstractProcessorLight.process(AbstractProcessorLight.java:63)
	at org.apache.coyote.AbstractProtocol$ConnectionHandler.process(AbstractProtocol.java:905)
	at org.apache.tomcat.util.net.NioEndpoint$SocketProcessor.doRun(NioEndpoint.java:1741)
	at org.apache.tomcat.util.net.SocketProcessorBase.run(SocketProcessorBase.java:52)
	at org.apache.tomcat.util.threads.ThreadPoolExecutor.runWorker(ThreadPoolExecutor.java:1190)
	at org.apache.tomcat.util.threads.ThreadPoolExecutor$Worker.run(ThreadPoolExecutor.java:659)
	at org.apache.tomcat.util.threads.TaskThread$WrappingRunnable.run(TaskThread.java:63)
	at java.base/java.lang.Thread.run(Thread.java:1575)
[2025-01-28 20:53:32] [http-nio-8080-exec-5] WARN  [org.springframework.web.servlet.handler.AbstractHandlerExceptionResolver.logException:254] - Resolved [org.springframework.web.servlet.resource.NoResourceFoundException: No static resource favicon.ico.]
[2025-01-28 20:53:49] [http-nio-8080-exec-4] WARN  [org.springframework.web.servlet.handler.AbstractHandlerExceptionResolver.logException:254] - Resolved [org.springframework.web.servlet.resource.NoResourceFoundException: No static resource favicon.ico.]
[2025-01-28 20:53:59] [http-nio-8080-exec-5] WARN  [org.springframework.web.servlet.handler.AbstractHandlerExceptionResolver.logException:254] - Resolved [org.springframework.web.servlet.resource.NoResourceFoundException: No static resource favicon.ico.]
[2025-01-28 20:54:01] [http-nio-8080-exec-8] WARN  [org.springframework.web.servlet.handler.AbstractHandlerExceptionResolver.logException:254] - Resolved [org.springframework.web.servlet.resource.NoResourceFoundException: No static resource favicon.ico.]
